This file contains any messages produced by compilers while
running configure, to aid debugging if configure makes a mistake.

It was created by configure, which was
generated by GNU Autoconf 2.69.  Invocation command line was

  $ ./configure 

## --------- ##
## Platform. ##
## --------- ##

hostname = localhost.localdomain
uname -m = x86_64
uname -r = 3.14.4-200.fc20.x86_64
uname -s = Linux
uname -v = #1 SMP Tue May 13 13:51:08 UTC 2014

/usr/bin/uname -p = x86_64
/bin/uname -X     = unknown

/bin/arch              = x86_64
/usr/bin/arch -k       = unknown
/usr/convex/getsysinfo = unknown
/usr/bin/hostinfo      = unknown
/bin/machine           = unknown
/usr/bin/oslevel       = unknown
/bin/universe          = unknown

PATH: /usr/lib64/qt-3.3/bin
PATH: /usr/local/bin
PATH: /usr/bin
PATH: /bin
PATH: /usr/local/sbin
PATH: /usr/sbin
PATH: /home/quentin/devkitPro/devkitARM/bin
PATH: /sbin
PATH: /usr/sbin
PATH: /usr/lib64/qt4/bin/
PATH: /home/quentin/.rvm/bin
PATH: /usr/local/bin
PATH: ~/Development/AndroidSDK/sdk/tools
PATH: ~/Development/AndroidSDK/sdk/platform-tools
PATH: ~/Development/AndroidNDK
PATH: /home/quentin/.local/bin
PATH: /home/quentin/bin
PATH: /home/quentin/devkitPro/devkitARM/bin
PATH: /sbin
PATH: /usr/sbin
PATH: /usr/lib64/qt4/bin/
PATH: /home/quentin/.rvm/bin
PATH: /usr/local/bin
PATH: ~/Development/AndroidSDK/sdk/tools
PATH: ~/Development/AndroidSDK/sdk/platform-tools
PATH: ~/Development/AndroidNDK


## ----------- ##
## Core tests. ##
## ----------- ##

configure:2484: checking build system type
configure:2498: result: x86_64-unknown-linux-gnu
configure:2518: checking host system type
configure:2531: result: x86_64-unknown-linux-gnu
configure:2599: checking for gcc
configure:2615: found /usr/bin/gcc
configure:2626: result: gcc
configure:2855: checking for C compiler version
configure:2864: gcc --version >&5
gcc (GCC) 4.8.2 20131212 (Red Hat 4.8.2-7)
Copyright (C) 2013 Free Software Foundation, Inc.
This is free software; see the source for copying conditions.  There is NO
warranty; not even for MERCHANTABILITY or FITNESS FOR A PARTICULAR PURPOSE.

configure:2875: $? = 0
configure:2864: gcc -v >&5
Using built-in specs.
COLLECT_GCC=gcc
COLLECT_LTO_WRAPPER=/usr/libexec/gcc/x86_64-redhat-linux/4.8.2/lto-wrapper
Target: x86_64-redhat-linux
Configured with: ../configure --prefix=/usr --mandir=/usr/share/man --infodir=/usr/share/info --with-bugurl=http://bugzilla.redhat.com/bugzilla --enable-bootstrap --enable-shared --enable-threads=posix --enable-checking=release --with-system-zlib --enable-__cxa_atexit --disable-libunwind-exceptions --enable-gnu-unique-object --enable-linker-build-id --with-linker-hash-style=gnu --enable-languages=c,c++,objc,obj-c++,java,fortran,ada,go,lto --enable-plugin --enable-initfini-array --enable-java-awt=gtk --disable-dssi --with-java-home=/usr/lib/jvm/java-1.5.0-gcj-1.5.0.0/jre --enable-libgcj-multifile --enable-java-maintainer-mode --with-ecj-jar=/usr/share/java/eclipse-ecj.jar --disable-libjava-multilib --with-isl=/builddir/build/BUILD/gcc-4.8.2-20131212/obj-x86_64-redhat-linux/isl-install --with-cloog=/builddir/build/BUILD/gcc-4.8.2-20131212/obj-x86_64-redhat-linux/cloog-install --with-tune=generic --with-arch_32=i686 --build=x86_64-redhat-linux
Thread model: posix
gcc version 4.8.2 20131212 (Red Hat 4.8.2-7) (GCC) 
configure:2875: $? = 0
configure:2864: gcc -V >&5
gcc: error: unrecognized command line option '-V'
gcc: fatal error: no input files
compilation terminated.
configure:2875: $? = 4
configure:2864: gcc -qversion >&5
gcc: error: unrecognized command line option '-qversion'
gcc: fatal error: no input files
compilation terminated.
configure:2875: $? = 4
configure:2895: checking whether the C compiler works
configure:2917: gcc    conftest.c  >&5
configure:2921: $? = 0
configure:2969: result: yes
configure:2972: checking for C compiler default output file name
configure:2974: result: a.out
configure:2980: checking for suffix of executables
configure:2987: gcc -o conftest    conftest.c  >&5
configure:2991: $? = 0
configure:3013: result: 
configure:3035: checking whether we are cross compiling
configure:3043: gcc -o conftest    conftest.c  >&5
configure:3047: $? = 0
configure:3054: ./conftest
configure:3058: $? = 0
configure:3073: result: no
configure:3078: checking for suffix of object files
configure:3100: gcc -c   conftest.c >&5
configure:3104: $? = 0
configure:3125: result: o
configure:3129: checking whether we are using the GNU C compiler
configure:3148: gcc -c   conftest.c >&5
configure:3148: $? = 0
configure:3157: result: yes
configure:3166: checking whether gcc accepts -g
configure:3186: gcc -c -g  conftest.c >&5
configure:3186: $? = 0
configure:3227: result: yes
configure:3244: checking for gcc option to accept ISO C89
configure:3307: gcc  -c -g -O2  conftest.c >&5
configure:3307: $? = 0
configure:3320: result: none needed
configure:3340: checking for a sed that does not truncate output
configure:3404: result: /usr/bin/sed
configure:3422: checking for grep that handles long lines and -e
configure:3480: result: /usr/bin/grep
configure:3485: checking for egrep
configure:3547: result: /usr/bin/grep -E
configure:3552: checking for fgrep
configure:3614: result: /usr/bin/grep -F
configure:3649: checking for ld used by gcc
configure:3716: result: /usr/bin/ld
configure:3723: checking if the linker (/usr/bin/ld) is GNU ld
configure:3738: result: yes
configure:3750: checking for BSD- or MS-compatible name lister (nm)
configure:3799: result: /usr/bin/nm -B
configure:3917: checking the name lister (/usr/bin/nm -B) interface
configure:3924: gcc -c -g -O2  conftest.c >&5
configure:3927: /usr/bin/nm -B "conftest.o"
configure:3930: output
0000000000000000 B some_variable
configure:3937: result: BSD nm
configure:3940: checking whether ln -s works
configure:3944: result: yes
configure:3952: checking the maximum length of command line arguments
configure:4078: result: 1572864
configure:4095: checking whether the shell understands some XSI constructs
configure:4105: result: yes
configure:4109: checking whether the shell understands "+="
configure:4115: result: yes
configure:4150: checking for /usr/bin/ld option to reload object files
configure:4157: result: -r
configure:4226: checking for objdump
configure:4242: found /usr/bin/objdump
configure:4253: result: objdump
configure:4282: checking how to recognize dependent libraries
configure:4480: result: pass_all
configure:4540: checking for ar
configure:4556: found /usr/bin/ar
configure:4567: result: ar
configure:4645: checking for strip
configure:4661: found /usr/bin/strip
configure:4672: result: strip
configure:4744: checking for ranlib
configure:4760: found /usr/bin/ranlib
configure:4771: result: ranlib
configure:4861: checking command to parse /usr/bin/nm -B output from gcc object
configure:4979: gcc -c -g -O2  conftest.c >&5
configure:4982: $? = 0
configure:4986: /usr/bin/nm -B conftest.o \| sed -n -e 's/^.*[	 ]\([ABCDGIRSTW][ABCDGIRSTW]*\)[	 ][	 ]*\([_A-Za-z][_A-Za-z0-9]*\)$/\1 \2 \2/p' \> conftest.nm
configure:4989: $? = 0
configure:5043: gcc -o conftest -g -O2   conftest.c conftstm.o >&5
configure:5046: $? = 0
configure:5084: result: ok
configure:5180: gcc -c -g -O2  conftest.c >&5
configure:5183: $? = 0
configure:5893: checking how to run the C preprocessor
configure:5924: gcc -E  conftest.c
configure:5924: $? = 0
configure:5938: gcc -E  conftest.c
conftest.c:9:28: fatal error: ac_nonexistent.h: No such file or directory
 #include <ac_nonexistent.h>
                            ^
compilation terminated.
configure:5938: $? = 1
configure: failed program was:
| /* confdefs.h */
| #define PACKAGE_NAME ""
| #define PACKAGE_TARNAME ""
| #define PACKAGE_VERSION ""
| #define PACKAGE_STRING ""
| #define PACKAGE_BUGREPORT ""
| #define PACKAGE_URL ""
| /* end confdefs.h.  */
| #include <ac_nonexistent.h>
configure:5963: result: gcc -E
configure:5983: gcc -E  conftest.c
configure:5983: $? = 0
configure:5997: gcc -E  conftest.c
conftest.c:9:28: fatal error: ac_nonexistent.h: No such file or directory
 #include <ac_nonexistent.h>
                            ^
compilation terminated.
configure:5997: $? = 1
configure: failed program was:
| /* confdefs.h */
| #define PACKAGE_NAME ""
| #define PACKAGE_TARNAME ""
| #define PACKAGE_VERSION ""
| #define PACKAGE_STRING ""
| #define PACKAGE_BUGREPORT ""
| #define PACKAGE_URL ""
| /* end confdefs.h.  */
| #include <ac_nonexistent.h>
configure:6026: checking for ANSI C header files
configure:6046: gcc -c -g -O2  conftest.c >&5
configure:6046: $? = 0
configure:6119: gcc -o conftest -g -O2   conftest.c  >&5
configure:6119: $? = 0
configure:6119: ./conftest
configure:6119: $? = 0
configure:6130: result: yes
configure:6143: checking for sys/types.h
configure:6143: gcc -c -g -O2  conftest.c >&5
configure:6143: $? = 0
configure:6143: result: yes
configure:6143: checking for sys/stat.h
configure:6143: gcc -c -g -O2  conftest.c >&5
configure:6143: $? = 0
configure:6143: result: yes
configure:6143: checking for stdlib.h
configure:6143: gcc -c -g -O2  conftest.c >&5
configure:6143: $? = 0
configure:6143: result: yes
configure:6143: checking for string.h
configure:6143: gcc -c -g -O2  conftest.c >&5
configure:6143: $? = 0
configure:6143: result: yes
configure:6143: checking for memory.h
configure:6143: gcc -c -g -O2  conftest.c >&5
configure:6143: $? = 0
configure:6143: result: yes
configure:6143: checking for strings.h
configure:6143: gcc -c -g -O2  conftest.c >&5
configure:6143: $? = 0
configure:6143: result: yes
configure:6143: checking for inttypes.h
configure:6143: gcc -c -g -O2  conftest.c >&5
configure:6143: $? = 0
configure:6143: result: yes
configure:6143: checking for stdint.h
configure:6143: gcc -c -g -O2  conftest.c >&5
configure:6143: $? = 0
configure:6143: result: yes
configure:6143: checking for unistd.h
configure:6143: gcc -c -g -O2  conftest.c >&5
configure:6143: $? = 0
configure:6143: result: yes
configure:6157: checking for dlfcn.h
configure:6157: gcc -c -g -O2  conftest.c >&5
configure:6157: $? = 0
configure:6157: result: yes
configure:6639: checking for objdir
configure:6654: result: .libs
configure:6950: checking if gcc supports -fno-rtti -fno-exceptions
configure:6968: gcc -c -g -O2  -fno-rtti -fno-exceptions conftest.c >&5
cc1: warning: command line option '-fno-rtti' is valid for C++/ObjC++ but not for C [enabled by default]
configure:6972: $? = 0
configure:6985: result: no
configure:7005: checking for gcc option to produce PIC
configure:7277: result: -fPIC -DPIC
configure:7289: checking if gcc PIC flag -fPIC -DPIC works
configure:7307: gcc -c -g -O2  -fPIC -DPIC -DPIC conftest.c >&5
configure:7311: $? = 0
configure:7324: result: yes
configure:7348: checking if gcc static flag -static works
configure:7376: result: no
configure:7391: checking if gcc supports -c -o file.o
configure:7412: gcc -c -g -O2  -o out/conftest2.o conftest.c >&5
configure:7416: $? = 0
configure:7438: result: yes
configure:7446: checking if gcc supports -c -o file.o
configure:7493: result: yes
configure:7526: checking whether the gcc linker (/usr/bin/ld -m elf_x86_64) supports shared libraries
configure:8512: result: yes
configure:8549: checking whether -lc should be explicitly linked in
configure:8554: gcc -c -g -O2  conftest.c >&5
configure:8557: $? = 0
configure:8572: gcc -shared conftest.o  -v -Wl,-soname -Wl,conftest -o conftest 2\>\&1 \| /usr/bin/grep  -lc  \>/dev/null 2\>\&1
configure:8575: $? = 0
configure:8587: result: no
configure:8751: checking dynamic linker characteristics
configure:9186: gcc -o conftest -g -O2   -Wl,-rpath -Wl,/foo conftest.c  >&5
configure:9186: $? = 0
configure:9404: result: GNU/Linux ld.so
configure:9506: checking how to hardcode library paths into programs
configure:9531: result: immediate
configure:10051: checking whether stripping libraries is possible
configure:10056: result: yes
configure:10091: checking if libtool supports shared libraries
configure:10093: result: yes
configure:10096: checking whether to build shared libraries
configure:10117: result: yes
configure:10120: checking whether to build static libraries
configure:10124: result: yes
configure:10250: checking for gcc
configure:10277: result: gcc
configure:10506: checking for C compiler version
configure:10515: gcc --version >&5
gcc (GCC) 4.8.2 20131212 (Red Hat 4.8.2-7)
Copyright (C) 2013 Free Software Foundation, Inc.
This is free software; see the source for copying conditions.  There is NO
warranty; not even for MERCHANTABILITY or FITNESS FOR A PARTICULAR PURPOSE.

configure:10526: $? = 0
configure:10515: gcc -v >&5
Using built-in specs.
COLLECT_GCC=gcc
COLLECT_LTO_WRAPPER=/usr/libexec/gcc/x86_64-redhat-linux/4.8.2/lto-wrapper
Target: x86_64-redhat-linux
Configured with: ../configure --prefix=/usr --mandir=/usr/share/man --infodir=/usr/share/info --with-bugurl=http://bugzilla.redhat.com/bugzilla --enable-bootstrap --enable-shared --enable-threads=posix --enable-checking=release --with-system-zlib --enable-__cxa_atexit --disable-libunwind-exceptions --enable-gnu-unique-object --enable-linker-build-id --with-linker-hash-style=gnu --enable-languages=c,c++,objc,obj-c++,java,fortran,ada,go,lto --enable-plugin --enable-initfini-array --enable-java-awt=gtk --disable-dssi --with-java-home=/usr/lib/jvm/java-1.5.0-gcj-1.5.0.0/jre --enable-libgcj-multifile --enable-java-maintainer-mode --with-ecj-jar=/usr/share/java/eclipse-ecj.jar --disable-libjava-multilib --with-isl=/builddir/build/BUILD/gcc-4.8.2-20131212/obj-x86_64-redhat-linux/isl-install --with-cloog=/builddir/build/BUILD/gcc-4.8.2-20131212/obj-x86_64-redhat-linux/cloog-install --with-tune=generic --with-arch_32=i686 --build=x86_64-redhat-linux
Thread model: posix
gcc version 4.8.2 20131212 (Red Hat 4.8.2-7) (GCC) 
configure:10526: $? = 0
configure:10515: gcc -V >&5
gcc: error: unrecognized command line option '-V'
gcc: fatal error: no input files
compilation terminated.
configure:10526: $? = 4
configure:10515: gcc -qversion >&5
gcc: error: unrecognized command line option '-qversion'
gcc: fatal error: no input files
compilation terminated.
configure:10526: $? = 4
configure:10530: checking whether we are using the GNU C compiler
configure:10558: result: yes
configure:10567: checking whether gcc accepts -g
configure:10628: result: yes
configure:10645: checking for gcc option to accept ISO C89
configure:10721: result: none needed
configure:10755: checking for a BSD-compatible install
configure:10823: result: /usr/bin/install -c
configure:10834: checking whether make sets $(MAKE)
configure:10856: result: yes
configure:10874: checking for windres
configure:10904: result: no
configure:10874: checking for linux-gnu-windres
configure:10904: result: no
configure:10941: checking for an ANSI C-conforming const
configure:11007: gcc -c -g -O2  -D_GNU_SOURCE=1   -D_GNU_SOURCE=1 conftest.c >&5
configure:11007: $? = 0
configure:11014: result: yes
configure:11032: checking for GCC -MMD -MT option
configure:11050: gcc -c -g -O2  -D_GNU_SOURCE=1   -D_GNU_SOURCE=1 conftest.c >&5
configure:11050: $? = 0
configure:11056: result: yes
configure:11210: checking for pkg-config
configure:11228: found /usr/bin/pkg-config
configure:11240: result: /usr/bin/pkg-config
configure:11265: checking pkg-config is at least version 0.9.0
configure:11268: result: yes
configure:11306: checking for SDL
configure:11314: $PKG_CONFIG --exists --print-errors "sdl2 >= $min_sdl_version"
configure:11317: $? = 0
configure:11332: $PKG_CONFIG --exists --print-errors "sdl2 >= $min_sdl_version"
configure:11335: $? = 0
configure:11371: result: yes
configure:11621: checking for pow in -lm
configure:11646: gcc -o conftest -g -O2  -D_GNU_SOURCE=1   -D_GNU_SOURCE=1   conftest.c -lm   >&5
conftest.c:28:6: warning: conflicting types for built-in function 'pow' [enabled by default]
 char pow ();
      ^
configure:11646: $? = 0
configure:11655: result: yes
configure:11664: checking signal.h usability
configure:11664: gcc -c -g -O2  -D_GNU_SOURCE=1   -D_GNU_SOURCE=1 conftest.c >&5
configure:11664: $? = 0
configure:11664: result: yes
configure:11664: checking signal.h presence
configure:11664: gcc -E   -D_GNU_SOURCE=1 conftest.c
configure:11664: $? = 0
configure:11664: result: yes
configure:11664: checking for signal.h
configure:11664: result: yes
configure:11676: checking for setbuf
configure:11676: gcc -o conftest -g -O2  -D_GNU_SOURCE=1   -D_GNU_SOURCE=1   conftest.c  >&5
configure:11676: $? = 0
configure:11676: result: yes
configure:11102: checking for GCC -fvisibility=hidden option
configure:11125: gcc -c -g -O2  -D_GNU_SOURCE=1 -fvisibility=hidden -Werror   -D_GNU_SOURCE=1 conftest.c >&5
configure:11125: $? = 0
configure:11131: result: yes
configure:11700: checking for fork
configure:11700: gcc -o conftest -g -O2  -D_GNU_SOURCE=1   -D_GNU_SOURCE=1   conftest.c  >&5
conftest.c:46:6: warning: conflicting types for built-in function 'fork' [enabled by default]
 char fork ();
      ^
configure:11700: $? = 0
configure:11700: result: yes
configure:11700: checking for vfork
configure:11700: gcc -o conftest -g -O2  -D_GNU_SOURCE=1   -D_GNU_SOURCE=1   conftest.c  >&5
configure:11700: $? = 0
configure:11700: result: yes
configure:11761: checking for MODPLUG
configure:11769: $PKG_CONFIG --exists --print-errors "libmodplug >= 0.8.8"
Package libmodplug was not found in the pkg-config search path.
Perhaps you should add the directory containing `libmodplug.pc'
to the PKG_CONFIG_PATH environment variable
No package 'libmodplug' found
configure:11772: $? = 1
configure:11787: $PKG_CONFIG --exists --print-errors "libmodplug >= 0.8.8"
Package libmodplug was not found in the pkg-config search path.
Perhaps you should add the directory containing `libmodplug.pc'
to the PKG_CONFIG_PATH environment variable
No package 'libmodplug' found
configure:11790: $? = 1
No package 'libmodplug' found
configure:11818: result: no
configure:11820: checking modplug.h usability
configure:11820: gcc -c -g -O2  -D_GNU_SOURCE=1   -D_GNU_SOURCE=1 conftest.c >&5
conftest.c:58:21: fatal error: modplug.h: No such file or directory
 #include <modplug.h>
                     ^
compilation terminated.
configure:11820: $? = 1
configure: failed program was:
| /* confdefs.h */
| #define PACKAGE_NAME ""
| #define PACKAGE_TARNAME ""
| #define PACKAGE_VERSION ""
| #define PACKAGE_STRING ""
| #define PACKAGE_BUGREPORT ""
| #define PACKAGE_URL ""
| #define STDC_HEADERS 1
| #define HAVE_SYS_TYPES_H 1
| #define HAVE_SYS_STAT_H 1
| #define HAVE_STDLIB_H 1
| #define HAVE_STRING_H 1
| #define HAVE_MEMORY_H 1
| #define HAVE_STRINGS_H 1
| #define HAVE_INTTYPES_H 1
| #define HAVE_STDINT_H 1
| #define HAVE_UNISTD_H 1
| #define HAVE_DLFCN_H 1
| #define LT_OBJDIR ".libs/"
| #define HAVE_SIGNAL_H 1
| #define HAVE_SETBUF 1
| #define HAVE_FORK 1
| #define HAVE_VFORK 1
| /* end confdefs.h.  */
| #include <stdio.h>
| #ifdef HAVE_SYS_TYPES_H
| # include <sys/types.h>
| #endif
| #ifdef HAVE_SYS_STAT_H
| # include <sys/stat.h>
| #endif
| #ifdef STDC_HEADERS
| # include <stdlib.h>
| # include <stddef.h>
| #else
| # ifdef HAVE_STDLIB_H
| #  include <stdlib.h>
| # endif
| #endif
| #ifdef HAVE_STRING_H
| # if !defined STDC_HEADERS && defined HAVE_MEMORY_H
| #  include <memory.h>
| # endif
| # include <string.h>
| #endif
| #ifdef HAVE_STRINGS_H
| # include <strings.h>
| #endif
| #ifdef HAVE_INTTYPES_H
| # include <inttypes.h>
| #endif
| #ifdef HAVE_STDINT_H
| # include <stdint.h>
| #endif
| #ifdef HAVE_UNISTD_H
| # include <unistd.h>
| #endif
| #include <modplug.h>
configure:11820: result: no
configure:11820: checking modplug.h presence
configure:11820: gcc -E   -D_GNU_SOURCE=1 conftest.c
conftest.c:25:21: fatal error: modplug.h: No such file or directory
 #include <modplug.h>
                     ^
compilation terminated.
configure:11820: $? = 1
configure: failed program was:
| /* confdefs.h */
| #define PACKAGE_NAME ""
| #define PACKAGE_TARNAME ""
| #define PACKAGE_VERSION ""
| #define PACKAGE_STRING ""
| #define PACKAGE_BUGREPORT ""
| #define PACKAGE_URL ""
| #define STDC_HEADERS 1
| #define HAVE_SYS_TYPES_H 1
| #define HAVE_SYS_STAT_H 1
| #define HAVE_STDLIB_H 1
| #define HAVE_STRING_H 1
| #define HAVE_MEMORY_H 1
| #define HAVE_STRINGS_H 1
| #define HAVE_INTTYPES_H 1
| #define HAVE_STDINT_H 1
| #define HAVE_UNISTD_H 1
| #define HAVE_DLFCN_H 1
| #define LT_OBJDIR ".libs/"
| #define HAVE_SIGNAL_H 1
| #define HAVE_SETBUF 1
| #define HAVE_FORK 1
| #define HAVE_VFORK 1
| /* end confdefs.h.  */
| #include <modplug.h>
configure:11820: result: no
configure:11820: checking for modplug.h
configure:11820: result: no
configure:11826: checking for have_libmodplug_lib=yes in -lmodplug
configure:11851: gcc -o conftest -g -O2  -D_GNU_SOURCE=1   -D_GNU_SOURCE=1   conftest.c -lmodplug   >&5
conftest.c:32:1: error: initializer element is not constant
 char have_libmodplug_lib=yes ();
 ^
configure:11851: $? = 1
configure: failed program was:
| /* confdefs.h */
| #define PACKAGE_NAME ""
| #define PACKAGE_TARNAME ""
| #define PACKAGE_VERSION ""
| #define PACKAGE_STRING ""
| #define PACKAGE_BUGREPORT ""
| #define PACKAGE_URL ""
| #define STDC_HEADERS 1
| #define HAVE_SYS_TYPES_H 1
| #define HAVE_SYS_STAT_H 1
| #define HAVE_STDLIB_H 1
| #define HAVE_STRING_H 1
| #define HAVE_MEMORY_H 1
| #define HAVE_STRINGS_H 1
| #define HAVE_INTTYPES_H 1
| #define HAVE_STDINT_H 1
| #define HAVE_UNISTD_H 1
| #define HAVE_DLFCN_H 1
| #define LT_OBJDIR ".libs/"
| #define HAVE_SIGNAL_H 1
| #define HAVE_SETBUF 1
| #define HAVE_FORK 1
| #define HAVE_VFORK 1
| /* end confdefs.h.  */
| 
| /* Override any GCC internal prototype to avoid an error.
|    Use char because int might match the return type of a GCC
|    builtin and then its argument prototype would still apply.  */
| #ifdef __cplusplus
| extern "C"
| #endif
| char have_libmodplug_lib=yes ();
| int
| main ()
| {
| return have_libmodplug_lib=yes ();
|   ;
|   return 0;
| }
configure:11860: result: no
configure:11960: WARNING: *** Unable to find ModPlug library (http://modplug-xmms.sourceforge.net/)
configure:12098: WARNING: MOD support disabled
configure:12172: checking fluidsynth.h usability
configure:12172: gcc -c -g -O2  -D_GNU_SOURCE=1   -D_GNU_SOURCE=1 conftest.c >&5
configure:12172: $? = 0
configure:12172: result: yes
configure:12172: checking fluidsynth.h presence
configure:12172: gcc -E   -D_GNU_SOURCE=1 conftest.c
configure:12172: $? = 0
configure:12172: result: yes
configure:12172: checking for fluidsynth.h
configure:12172: result: yes
configure:12178: checking for fluid_player_add_mem in -lfluidsynth
configure:12203: gcc -o conftest -g -O2  -D_GNU_SOURCE=1   -D_GNU_SOURCE=1   conftest.c -lfluidsynth   >&5
/usr/bin/ld: cannot find -lfluidsynth
collect2: error: ld returned 1 exit status
configure:12203: $? = 1
configure: failed program was:
| /* confdefs.h */
| #define PACKAGE_NAME ""
| #define PACKAGE_TARNAME ""
| #define PACKAGE_VERSION ""
| #define PACKAGE_STRING ""
| #define PACKAGE_BUGREPORT ""
| #define PACKAGE_URL ""
| #define STDC_HEADERS 1
| #define HAVE_SYS_TYPES_H 1
| #define HAVE_SYS_STAT_H 1
| #define HAVE_STDLIB_H 1
| #define HAVE_STRING_H 1
| #define HAVE_MEMORY_H 1
| #define HAVE_STRINGS_H 1
| #define HAVE_INTTYPES_H 1
| #define HAVE_STDINT_H 1
| #define HAVE_UNISTD_H 1
| #define HAVE_DLFCN_H 1
| #define LT_OBJDIR ".libs/"
| #define HAVE_SIGNAL_H 1
| #define HAVE_SETBUF 1
| #define HAVE_FORK 1
| #define HAVE_VFORK 1
| /* end confdefs.h.  */
| 
| /* Override any GCC internal prototype to avoid an error.
|    Use char because int might match the return type of a GCC
|    builtin and then its argument prototype would still apply.  */
| #ifdef __cplusplus
| extern "C"
| #endif
| char fluid_player_add_mem ();
| int
| main ()
| {
| return fluid_player_add_mem ();
|   ;
|   return 0;
| }
configure:12212: result: no
configure:12243: WARNING: *** Unable to find FluidSynth library (http://www.fluidsynth.org/)
configure:12245: WARNING: FluidSynth support disabled
configure:12359: checking vorbis/vorbisfile.h usability
configure:12359: gcc -c -g -O2  -D_GNU_SOURCE=1   -D_GNU_SOURCE=1 conftest.c >&5
configure:12359: $? = 0
configure:12359: result: yes
configure:12359: checking vorbis/vorbisfile.h presence
configure:12359: gcc -E   -D_GNU_SOURCE=1 conftest.c
configure:12359: $? = 0
configure:12359: result: yes
configure:12359: checking for vorbis/vorbisfile.h
configure:12359: result: yes
configure:12366: checking for ov_open_callbacks in -lvorbisfile -lvorbis -logg -lm
configure:12391: gcc -o conftest -g -O2  -D_GNU_SOURCE=1   -D_GNU_SOURCE=1   conftest.c -lvorbisfile -lvorbis -logg -lm   >&5
configure:12391: $? = 0
configure:12401: result: yes
configure:12455: checking FLAC/export.h usability
configure:12455: gcc -c -g -O2  -D_GNU_SOURCE=1   -D_GNU_SOURCE=1 conftest.c >&5
conftest.c:58:25: fatal error: FLAC/export.h: No such file or directory
 #include <FLAC/export.h>
                         ^
compilation terminated.
configure:12455: $? = 1
configure: failed program was:
| /* confdefs.h */
| #define PACKAGE_NAME ""
| #define PACKAGE_TARNAME ""
| #define PACKAGE_VERSION ""
| #define PACKAGE_STRING ""
| #define PACKAGE_BUGREPORT ""
| #define PACKAGE_URL ""
| #define STDC_HEADERS 1
| #define HAVE_SYS_TYPES_H 1
| #define HAVE_SYS_STAT_H 1
| #define HAVE_STDLIB_H 1
| #define HAVE_STRING_H 1
| #define HAVE_MEMORY_H 1
| #define HAVE_STRINGS_H 1
| #define HAVE_INTTYPES_H 1
| #define HAVE_STDINT_H 1
| #define HAVE_UNISTD_H 1
| #define HAVE_DLFCN_H 1
| #define LT_OBJDIR ".libs/"
| #define HAVE_SIGNAL_H 1
| #define HAVE_SETBUF 1
| #define HAVE_FORK 1
| #define HAVE_VFORK 1
| /* end confdefs.h.  */
| #include <stdio.h>
| #ifdef HAVE_SYS_TYPES_H
| # include <sys/types.h>
| #endif
| #ifdef HAVE_SYS_STAT_H
| # include <sys/stat.h>
| #endif
| #ifdef STDC_HEADERS
| # include <stdlib.h>
| # include <stddef.h>
| #else
| # ifdef HAVE_STDLIB_H
| #  include <stdlib.h>
| # endif
| #endif
| #ifdef HAVE_STRING_H
| # if !defined STDC_HEADERS && defined HAVE_MEMORY_H
| #  include <memory.h>
| # endif
| # include <string.h>
| #endif
| #ifdef HAVE_STRINGS_H
| # include <strings.h>
| #endif
| #ifdef HAVE_INTTYPES_H
| # include <inttypes.h>
| #endif
| #ifdef HAVE_STDINT_H
| # include <stdint.h>
| #endif
| #ifdef HAVE_UNISTD_H
| # include <unistd.h>
| #endif
| #include <FLAC/export.h>
configure:12455: result: no
configure:12455: checking FLAC/export.h presence
configure:12455: gcc -E   -D_GNU_SOURCE=1 conftest.c
conftest.c:25:25: fatal error: FLAC/export.h: No such file or directory
 #include <FLAC/export.h>
                         ^
compilation terminated.
configure:12455: $? = 1
configure: failed program was:
| /* confdefs.h */
| #define PACKAGE_NAME ""
| #define PACKAGE_TARNAME ""
| #define PACKAGE_VERSION ""
| #define PACKAGE_STRING ""
| #define PACKAGE_BUGREPORT ""
| #define PACKAGE_URL ""
| #define STDC_HEADERS 1
| #define HAVE_SYS_TYPES_H 1
| #define HAVE_SYS_STAT_H 1
| #define HAVE_STDLIB_H 1
| #define HAVE_STRING_H 1
| #define HAVE_MEMORY_H 1
| #define HAVE_STRINGS_H 1
| #define HAVE_INTTYPES_H 1
| #define HAVE_STDINT_H 1
| #define HAVE_UNISTD_H 1
| #define HAVE_DLFCN_H 1
| #define LT_OBJDIR ".libs/"
| #define HAVE_SIGNAL_H 1
| #define HAVE_SETBUF 1
| #define HAVE_FORK 1
| #define HAVE_VFORK 1
| /* end confdefs.h.  */
| #include <FLAC/export.h>
configure:12455: result: no
configure:12455: checking for FLAC/export.h
configure:12455: result: no
configure:12568: WARNING: *** Unable to find FLAC library (http://flac.sourceforge.net/)
configure:12570: WARNING: FLAC support disabled
configure:12638: checking for smpeg2-config
configure:12656: found /usr/local/bin/smpeg2-config
configure:12669: result: /usr/local/bin/smpeg2-config
configure:12678: checking for SMPEG - version >= 2.0.0
configure:12763: gcc -o conftest -g -O2  -D_GNU_SOURCE=1 -I/usr/local/include -I/usr/local/include/smpeg2 -D_REENTRANT -I/usr/include/SDL2    -D_GNU_SOURCE=1   conftest.c  -L/usr/local/lib -lsmpeg2 -lSDL2 -lpthread  >&5
configure:12763: $? = 0
configure:12763: ./conftest
configure:12763: $? = 0
configure:12777: result: yes
configure:13125: creating ./config.status

## ---------------------- ##
## Running config.status. ##
## ---------------------- ##

This file was extended by config.status, which was
generated by GNU Autoconf 2.69.  Invocation command line was

  CONFIG_FILES    = 
  CONFIG_HEADERS  = 
  CONFIG_LINKS    = 
  CONFIG_COMMANDS = 
  $ ./config.status 

on localhost.localdomain

config.status:1155: executing libtool commands
configure:15202: creating ./config.status

## ---------------------- ##
## Running config.status. ##
## ---------------------- ##

This file was extended by config.status, which was
generated by GNU Autoconf 2.69.  Invocation command line was

  CONFIG_FILES    = 
  CONFIG_HEADERS  = 
  CONFIG_LINKS    = 
  CONFIG_COMMANDS = 
  $ ./config.status 

on localhost.localdomain

config.status:1056: creating Makefile
config.status:1056: creating SDL2_mixer.spec
config.status:1056: creating SDL2_mixer.pc
config.status:1222: executing libtool commands
config.status:1222: executing default commands

## ---------------- ##
## Cache variables. ##
## ---------------- ##

ac_cv_build=x86_64-unknown-linux-gnu
ac_cv_c_compiler_gnu=yes
ac_cv_c_const=yes
ac_cv_env_CC_set=
ac_cv_env_CC_value=
ac_cv_env_CFLAGS_set=
ac_cv_env_CFLAGS_value=
ac_cv_env_CPPFLAGS_set=
ac_cv_env_CPPFLAGS_value=
ac_cv_env_CPP_set=
ac_cv_env_CPP_value=
ac_cv_env_LDFLAGS_set=
ac_cv_env_LDFLAGS_value=
ac_cv_env_LIBS_set=
ac_cv_env_LIBS_value=
ac_cv_env_MODPLUG_CFLAGS_set=
ac_cv_env_MODPLUG_CFLAGS_value=
ac_cv_env_MODPLUG_LIBS_set=
ac_cv_env_MODPLUG_LIBS_value=
ac_cv_env_PKG_CONFIG_set=
ac_cv_env_PKG_CONFIG_value=
ac_cv_env_SDL_CFLAGS_set=
ac_cv_env_SDL_CFLAGS_value=
ac_cv_env_SDL_LIBS_set=
ac_cv_env_SDL_LIBS_value=
ac_cv_env_build_alias_set=
ac_cv_env_build_alias_value=
ac_cv_env_host_alias_set=
ac_cv_env_host_alias_value=
ac_cv_env_target_alias_set=
ac_cv_env_target_alias_value=
ac_cv_func_fork=yes
ac_cv_func_setbuf=yes
ac_cv_func_vfork=yes
ac_cv_header_FLAC_export_h=no
ac_cv_header_dlfcn_h=yes
ac_cv_header_fluidsynth_h=yes
ac_cv_header_inttypes_h=yes
ac_cv_header_memory_h=yes
ac_cv_header_modplug_h=no
ac_cv_header_signal_h=yes
ac_cv_header_stdc=yes
ac_cv_header_stdint_h=yes
ac_cv_header_stdlib_h=yes
ac_cv_header_string_h=yes
ac_cv_header_strings_h=yes
ac_cv_header_sys_stat_h=yes
ac_cv_header_sys_types_h=yes
ac_cv_header_unistd_h=yes
ac_cv_header_vorbis_vorbisfile_h=yes
ac_cv_host=x86_64-unknown-linux-gnu
ac_cv_lib_fluidsynth_fluid_player_add_mem=no
ac_cv_lib_m_pow=yes
ac_cv_lib_modplug_have_libmodplug_lib_yes=no
ac_cv_lib_vorbisfile__lvorbis__logg__lm___ov_open_callbacks=yes
ac_cv_objext=o
ac_cv_path_EGREP='/usr/bin/grep -E'
ac_cv_path_FGREP='/usr/bin/grep -F'
ac_cv_path_GREP=/usr/bin/grep
ac_cv_path_SED=/usr/bin/sed
ac_cv_path_SMPEG_CONFIG=/usr/local/bin/smpeg2-config
ac_cv_path_ac_pt_PKG_CONFIG=/usr/bin/pkg-config
ac_cv_path_install='/usr/bin/install -c'
ac_cv_prog_CPP='gcc -E'
ac_cv_prog_ac_ct_AR=ar
ac_cv_prog_ac_ct_CC=gcc
ac_cv_prog_ac_ct_OBJDUMP=objdump
ac_cv_prog_ac_ct_RANLIB=ranlib
ac_cv_prog_ac_ct_STRIP=strip
ac_cv_prog_cc_c89=
ac_cv_prog_cc_g=yes
ac_cv_prog_make_make_set=yes
lt_cv_deplibs_check_method=pass_all
lt_cv_file_magic_cmd='$MAGIC_CMD'
lt_cv_file_magic_test_file=
lt_cv_ld_reload_flag=-r
lt_cv_nm_interface='BSD nm'
lt_cv_objdir=.libs
lt_cv_path_LD=/usr/bin/ld
lt_cv_path_NM='/usr/bin/nm -B'
lt_cv_prog_compiler_c_o=yes
lt_cv_prog_compiler_pic_works=yes
lt_cv_prog_compiler_rtti_exceptions=no
lt_cv_prog_compiler_static_works=no
lt_cv_prog_gnu_ld=yes
lt_cv_sys_global_symbol_pipe='sed -n -e '\''s/^.*[	 ]\([ABCDGIRSTW][ABCDGIRSTW]*\)[	 ][	 ]*\([_A-Za-z][_A-Za-z0-9]*\)$/\1 \2 \2/p'\'''
lt_cv_sys_global_symbol_to_c_name_address='sed -n -e '\''s/^: \([^ ]*\) $/  {\"\1\", (void *) 0},/p'\'' -e '\''s/^[ABCDGIRSTW]* \([^ ]*\) \([^ ]*\)$/  {"\2", (void *) \&\2},/p'\'''
lt_cv_sys_global_symbol_to_c_name_address_lib_prefix='sed -n -e '\''s/^: \([^ ]*\) $/  {\"\1\", (void *) 0},/p'\'' -e '\''s/^[ABCDGIRSTW]* \([^ ]*\) \(lib[^ ]*\)$/  {"\2", (void *) \&\2},/p'\'' -e '\''s/^[ABCDGIRSTW]* \([^ ]*\) \([^ ]*\)$/  {"lib\2", (void *) \&\2},/p'\'''
lt_cv_sys_global_symbol_to_cdecl='sed -n -e '\''s/^T .* \(.*\)$/extern int \1();/p'\'' -e '\''s/^[ABCDGIRSTW]* .* \(.*\)$/extern char \1;/p'\'''
lt_cv_sys_max_cmd_len=1572864
pkg_cv_SDL_CFLAGS='-D_REENTRANT -I/usr/include/SDL2 '
pkg_cv_SDL_LIBS='-lSDL2 -lpthread '

## ----------------- ##
## Output variables. ##
## ----------------- ##

AR='ar'
AS='as'
BINARY_AGE='0'
BUILD_CFLAGS='-g -O2 '
BUILD_LDFLAGS=''
CC='gcc'
CFLAGS='-g -O2  -D_GNU_SOURCE=1'
CPP='gcc -E'
CPPFLAGS='  -D_GNU_SOURCE=1'
DEFS='-DPACKAGE_NAME=\"\" -DPACKAGE_TARNAME=\"\" -DPACKAGE_VERSION=\"\" -DPACKAGE_STRING=\"\" -DPACKAGE_BUGREPORT=\"\" -DPACKAGE_URL=\"\" -DSTDC_HEADERS=1 -DHAVE_SYS_TYPES_H=1 -DHAVE_SYS_STAT_H=1 -DHAVE_STDLIB_H=1 -DHAVE_STRING_H=1 -DHAVE_MEMORY_H=1 -DHAVE_STRINGS_H=1 -DHAVE_INTTYPES_H=1 -DHAVE_STDINT_H=1 -DHAVE_UNISTD_H=1 -DHAVE_DLFCN_H=1 -DLT_OBJDIR=\".libs/\" -DHAVE_SIGNAL_H=1 -DHAVE_SETBUF=1 -DHAVE_FORK=1 -DHAVE_VFORK=1'
DLLTOOL='dlltool'
DSYMUTIL=''
DUMPBIN=''
ECHO_C=''
ECHO_N='-n'
ECHO_T=''
EGREP='/usr/bin/grep -E'
EXE=''
EXEEXT=''
EXTRA_CFLAGS=' -D_GNU_SOURCE=1 -D_REENTRANT -I/usr/include/SDL2  -DHAVE_SIGNAL_H -DHAVE_SETBUF -fvisibility=hidden -DHAVE_FORK -DCMD_MUSIC -DWAV_MUSIC -DMID_MUSIC -DUSE_TIMIDITY_MIDI -I$(srcdir)/timidity -DOGG_MUSIC -DOGG_DYNAMIC=\"libvorbisfile.so.3\" -DMP3_MUSIC -I/usr/local/include -I/usr/local/include/smpeg2 -DMP3_DYNAMIC=\"libsmpeg2-2.0.so.0\"'
EXTRA_LDFLAGS=' -lSDL2 -lpthread  -lm'
FGREP='/usr/bin/grep -F'
GREP='/usr/bin/grep'
INSTALL_DATA='${INSTALL} -m 644'
INSTALL_PROGRAM='${INSTALL}'
INSTALL_SCRIPT='${INSTALL}'
INTERFACE_AGE='0'
LD='/usr/bin/ld -m elf_x86_64'
LDFLAGS=' '
LIBMIKMOD_CONFIG=''
LIBOBJS=''
LIBS=''
LIBTOOL='$(SHELL) $(top_builddir)/libtool'
LIPO=''
LN_S='ln -s'
LTLIBOBJS=''
LT_AGE='0'
LT_CURRENT='0'
LT_RELEASE='2.0'
LT_REVISION='0'
MAJOR_VERSION='2'
MICRO_VERSION='0'
MINOR_VERSION='0'
MODPLUG_CFLAGS=''
MODPLUG_LIBS=''
NM='/usr/bin/nm -B'
NMEDIT=''
OBJDUMP='objdump'
OBJECTS='$(objects)/effect_position.lo $(objects)/effect_stereoreverse.lo $(objects)/effects_internal.lo $(objects)/load_aiff.lo $(objects)/load_voc.lo $(objects)/mixer.lo $(objects)/music.lo $(objects)/music_cmd.lo $(objects)/wavestream.lo $(objects)/common.lo $(objects)/ctrlmode.lo $(objects)/filter.lo $(objects)/instrum.lo $(objects)/mix.lo $(objects)/output.lo $(objects)/playmidi.lo $(objects)/readmidi.lo $(objects)/resample.lo $(objects)/sdl_a.lo $(objects)/sdl_c.lo $(objects)/tables.lo $(objects)/timidity.lo $(objects)/dynamic_ogg.lo $(objects)/load_ogg.lo $(objects)/music_ogg.lo $(objects)/dynamic_mp3.lo '
OBJEXT='o'
OTOOL64=''
OTOOL=''
PACKAGE_BUGREPORT=''
PACKAGE_NAME=''
PACKAGE_STRING=''
PACKAGE_TARNAME=''
PACKAGE_URL=''
PACKAGE_VERSION=''
PATH_SEPARATOR=':'
PKG_CONFIG='/usr/bin/pkg-config'
PLAYMUS_OBJECTS='$(objects)/playmus.lo'
PLAYWAVE_OBJECTS='$(objects)/playwave.lo'
RANLIB='ranlib'
SDL2_CONFIG='pkg-config sdl2'
SDL_CFLAGS='-D_REENTRANT -I/usr/include/SDL2 '
SDL_LIBS='-lSDL2 -lpthread '
SDL_VERSION='2.0.0'
SED='/usr/bin/sed'
SET_MAKE=''
SHELL='/bin/sh'
SMPEG_CFLAGS='-I/usr/local/include -I/usr/local/include/smpeg2'
SMPEG_CONFIG='/usr/local/bin/smpeg2-config'
SMPEG_LIBS='-L/usr/local/lib -lsmpeg2'
STRIP='strip'
VERSION='2.0.0'
VERSION_OBJECTS=''
WINDRES=''
ac_aux_dir='./build-scripts'
ac_ct_CC='gcc'
ac_ct_DUMPBIN=''
bindir='${exec_prefix}/bin'
build='x86_64-unknown-linux-gnu'
build_alias=''
build_cpu='x86_64'
build_os='linux-gnu'
build_vendor='unknown'
datadir='${datarootdir}'
datarootdir='${prefix}/share'
docdir='${datarootdir}/doc/${PACKAGE}'
dvidir='${docdir}'
exec_prefix='${prefix}'
host='x86_64-unknown-linux-gnu'
host_alias=''
host_cpu='x86_64'
host_os='linux-gnu'
host_vendor='unknown'
htmldir='${docdir}'
includedir='${prefix}/include'
infodir='${datarootdir}/info'
libdir='${exec_prefix}/lib'
libexecdir='${exec_prefix}/libexec'
localedir='${datarootdir}/locale'
localstatedir='${prefix}/var'
lt_ECHO='echo'
mandir='${datarootdir}/man'
oldincludedir='/usr/include'
pdfdir='${docdir}'
prefix='/usr/local'
program_transform_name='s,x,x,'
psdir='${docdir}'
sbindir='${exec_prefix}/sbin'
sharedstatedir='${prefix}/com'
sysconfdir='${prefix}/etc'
target_alias=''

## ----------- ##
## confdefs.h. ##
## ----------- ##

/* confdefs.h */
#define PACKAGE_NAME ""
#define PACKAGE_TARNAME ""
#define PACKAGE_VERSION ""
#define PACKAGE_STRING ""
#define PACKAGE_BUGREPORT ""
#define PACKAGE_URL ""
#define STDC_HEADERS 1
#define HAVE_SYS_TYPES_H 1
#define HAVE_SYS_STAT_H 1
#define HAVE_STDLIB_H 1
#define HAVE_STRING_H 1
#define HAVE_MEMORY_H 1
#define HAVE_STRINGS_H 1
#define HAVE_INTTYPES_H 1
#define HAVE_STDINT_H 1
#define HAVE_UNISTD_H 1
#define HAVE_DLFCN_H 1
#define LT_OBJDIR ".libs/"
#define HAVE_SIGNAL_H 1
#define HAVE_SETBUF 1
#define HAVE_FORK 1
#define HAVE_VFORK 1

configure: exit 0
